<?xml version="1.0" encoding="UTF-8"?>
<coverage generated="1760990107270" clover="3.2.0">
  <project timestamp="1760990107270" name="All files">
    <metrics statements="15" coveredstatements="15" conditionals="18" coveredconditionals="15" methods="14" coveredmethods="14" elements="47" coveredelements="44" complexity="0" loc="15" ncloc="15" packages="1" files="1" classes="1"/>
    <file name="tokenService.js" path="/home/hyzcode/theycloud/iam-lib/src/services/tokenService.js">
      <metrics statements="15" coveredstatements="15" conditionals="18" coveredconditionals="15" methods="14" coveredmethods="14"/>
      <line num="30" count="5" type="cond" truecount="2" falsecount="0"/>
      <line num="31" count="5" type="cond" truecount="2" falsecount="0"/>
      <line num="32" count="5" type="cond" truecount="2" falsecount="0"/>
      <line num="34" count="5" type="stmt"/>
      <line num="36" count="15" type="stmt"/>
      <line num="37" count="15" type="stmt"/>
      <line num="41" count="15" type="cond" truecount="1" falsecount="1"/>
      <line num="45" count="6" type="stmt"/>
      <line num="46" count="6" type="stmt"/>
      <line num="50" count="6" type="cond" truecount="1" falsecount="1"/>
      <line num="54" count="13" type="stmt"/>
      <line num="55" count="13" type="cond" truecount="2" falsecount="0"/>
      <line num="58" count="2" type="stmt"/>
      <line num="59" count="2" type="cond" truecount="2" falsecount="0"/>
      <line num="61" count="2" type="stmt"/>
    </file>
  </project>
</coverage>
