{"/home/hyzcode/theycloud/iam-lib/src/services/tokenService.js": {"path":"/home/hyzcode/theycloud/iam-lib/src/services/tokenService.js","statementMap":{"0":{"start":{"line":30,"column":20},"end":{"line":30,"column":69}},"1":{"start":{"line":31,"column":21},"end":{"line":31,"column":71}},"2":{"start":{"line":32,"column":20},"end":{"line":32,"column":68}},"3":{"start":{"line":34,"column":2},"end":{"line":65,"column":4}},"4":{"start":{"line":36,"column":6},"end":{"line":43,"column":7}},"5":{"start":{"line":37,"column":8},"end":{"line":42,"column":9}},"6":{"start":{"line":41,"column":21},"end":{"line":41,"column":40}},"7":{"start":{"line":45,"column":6},"end":{"line":52,"column":7}},"8":{"start":{"line":46,"column":8},"end":{"line":51,"column":9}},"9":{"start":{"line":50,"column":21},"end":{"line":50,"column":40}},"10":{"start":{"line":54,"column":6},"end":{"line":56,"column":7}},"11":{"start":{"line":55,"column":8},"end":{"line":55,"column":98}},"12":{"start":{"line":55,"column":77},"end":{"line":55,"column":96}},"13":{"start":{"line":58,"column":6},"end":{"line":60,"column":7}},"14":{"start":{"line":59,"column":8},"end":{"line":59,"column":98}},"15":{"start":{"line":59,"column":77},"end":{"line":59,"column":96}},"16":{"start":{"line":61,"column":20},"end":{"line":64,"column":5}}},"fnMap":{"0":{"name":"createTokenService","decl":{"start":{"line":21,"column":24},"end":{"line":21,"column":42}},"loc":{"start":{"line":29,"column":3},"end":{"line":66,"column":1}},"line":29},"1":{"name":"(anonymous_1)","decl":{"start":{"line":35,"column":21},"end":{"line":35,"column":22}},"loc":{"start":{"line":36,"column":6},"end":{"line":43,"column":7}},"line":36},"2":{"name":"(anonymous_2)","decl":{"start":{"line":36,"column":18},"end":{"line":36,"column":19}},"loc":{"start":{"line":37,"column":8},"end":{"line":42,"column":9}},"line":37},"3":{"name":"(anonymous_3)","decl":{"start":{"line":41,"column":10},"end":{"line":41,"column":11}},"loc":{"start":{"line":41,"column":21},"end":{"line":41,"column":40}},"line":41},"4":{"name":"(anonymous_4)","decl":{"start":{"line":44,"column":22},"end":{"line":44,"column":23}},"loc":{"start":{"line":45,"column":6},"end":{"line":52,"column":7}},"line":45},"5":{"name":"(anonymous_5)","decl":{"start":{"line":45,"column":18},"end":{"line":45,"column":19}},"loc":{"start":{"line":46,"column":8},"end":{"line":51,"column":9}},"line":46},"6":{"name":"(anonymous_6)","decl":{"start":{"line":50,"column":10},"end":{"line":50,"column":11}},"loc":{"start":{"line":50,"column":21},"end":{"line":50,"column":40}},"line":50},"7":{"name":"(anonymous_7)","decl":{"start":{"line":53,"column":23},"end":{"line":53,"column":24}},"loc":{"start":{"line":54,"column":6},"end":{"line":56,"column":7}},"line":54},"8":{"name":"(anonymous_8)","decl":{"start":{"line":54,"column":18},"end":{"line":54,"column":19}},"loc":{"start":{"line":55,"column":8},"end":{"line":55,"column":98}},"line":55},"9":{"name":"(anonymous_9)","decl":{"start":{"line":55,"column":66},"end":{"line":55,"column":67}},"loc":{"start":{"line":55,"column":77},"end":{"line":55,"column":96}},"line":55},"10":{"name":"(anonymous_10)","decl":{"start":{"line":57,"column":24},"end":{"line":57,"column":25}},"loc":{"start":{"line":58,"column":6},"end":{"line":60,"column":7}},"line":58},"11":{"name":"(anonymous_11)","decl":{"start":{"line":58,"column":18},"end":{"line":58,"column":19}},"loc":{"start":{"line":59,"column":8},"end":{"line":59,"column":98}},"line":59},"12":{"name":"(anonymous_12)","decl":{"start":{"line":59,"column":66},"end":{"line":59,"column":67}},"loc":{"start":{"line":59,"column":77},"end":{"line":59,"column":96}},"line":59},"13":{"name":"(anonymous_13)","decl":{"start":{"line":61,"column":13},"end":{"line":61,"column":14}},"loc":{"start":{"line":61,"column":20},"end":{"line":64,"column":5}},"line":61}},"branchMap":{"0":{"loc":{"start":{"line":22,"column":2},"end":{"line":22,"column":21}},"type":"default-arg","locations":[{"start":{"line":22,"column":14},"end":{"line":22,"column":21}}],"line":22},"1":{"loc":{"start":{"line":27,"column":2},"end":{"line":27,"column":25}},"type":"default-arg","locations":[{"start":{"line":27,"column":20},"end":{"line":27,"column":25}}],"line":27},"2":{"loc":{"start":{"line":28,"column":2},"end":{"line":28,"column":25}},"type":"default-arg","locations":[{"start":{"line":28,"column":21},"end":{"line":28,"column":25}}],"line":28},"3":{"loc":{"start":{"line":30,"column":20},"end":{"line":30,"column":69}},"type":"cond-expr","locations":[{"start":{"line":30,"column":44},"end":{"line":30,"column":54}},{"start":{"line":30,"column":57},"end":{"line":30,"column":69}}],"line":30},"4":{"loc":{"start":{"line":31,"column":21},"end":{"line":31,"column":71}},"type":"cond-expr","locations":[{"start":{"line":31,"column":45},"end":{"line":31,"column":55}},{"start":{"line":31,"column":58},"end":{"line":31,"column":71}}],"line":31},"5":{"loc":{"start":{"line":32,"column":20},"end":{"line":32,"column":68}},"type":"cond-expr","locations":[{"start":{"line":32,"column":44},"end":{"line":32,"column":53}},{"start":{"line":32,"column":56},"end":{"line":32,"column":68}}],"line":32},"6":{"loc":{"start":{"line":35,"column":30},"end":{"line":35,"column":41}},"type":"default-arg","locations":[{"start":{"line":35,"column":39},"end":{"line":35,"column":41}}],"line":35},"7":{"loc":{"start":{"line":41,"column":21},"end":{"line":41,"column":40}},"type":"cond-expr","locations":[{"start":{"line":41,"column":25},"end":{"line":41,"column":31}},{"start":{"line":41,"column":34},"end":{"line":41,"column":40}}],"line":41},"8":{"loc":{"start":{"line":50,"column":21},"end":{"line":50,"column":40}},"type":"cond-expr","locations":[{"start":{"line":50,"column":25},"end":{"line":50,"column":31}},{"start":{"line":50,"column":34},"end":{"line":50,"column":40}}],"line":50},"9":{"loc":{"start":{"line":55,"column":77},"end":{"line":55,"column":96}},"type":"cond-expr","locations":[{"start":{"line":55,"column":81},"end":{"line":55,"column":87}},{"start":{"line":55,"column":90},"end":{"line":55,"column":96}}],"line":55},"10":{"loc":{"start":{"line":59,"column":77},"end":{"line":59,"column":96}},"type":"cond-expr","locations":[{"start":{"line":59,"column":81},"end":{"line":59,"column":87}},{"start":{"line":59,"column":90},"end":{"line":59,"column":96}}],"line":59}},"s":{"0":5,"1":5,"2":5,"3":5,"4":15,"5":15,"6":15,"7":6,"8":6,"9":6,"10":13,"11":13,"12":13,"13":2,"14":2,"15":2,"16":2},"f":{"0":5,"1":15,"2":15,"3":15,"4":6,"5":6,"6":6,"7":13,"8":13,"9":13,"10":2,"11":2,"12":2,"13":2},"b":{"0":[0],"1":[2],"2":[3],"3":[2,3],"4":[2,3],"5":[2,3],"6":[10],"7":[0,15],"8":[0,6],"9":[6,7],"10":[1,1]},"_coverageSchema":"1a1c01bbd47fc00a2c39e90264f33305004495a9","hash":"27d9a8811ed0b6f949c1f0007456a0c17309f541"}
}
