TN:
SF:src/services/tokenService.js
FN:21,createTokenService
FN:35,(anonymous_1)
FN:36,(anonymous_2)
FN:41,(anonymous_3)
FN:44,(anonymous_4)
FN:45,(anonymous_5)
FN:50,(anonymous_6)
FN:53,(anonymous_7)
FN:54,(anonymous_8)
FN:55,(anonymous_9)
FN:57,(anonymous_10)
FN:58,(anonymous_11)
FN:59,(anonymous_12)
FN:61,(anonymous_13)
FNF:14
FNH:14
FNDA:5,createTokenService
FNDA:15,(anonymous_1)
FNDA:15,(anonymous_2)
FNDA:15,(anonymous_3)
FNDA:6,(anonymous_4)
FNDA:6,(anonymous_5)
FNDA:6,(anonymous_6)
FNDA:13,(anonymous_7)
FNDA:13,(anonymous_8)
FNDA:13,(anonymous_9)
FNDA:2,(anonymous_10)
FNDA:2,(anonymous_11)
FNDA:2,(anonymous_12)
FNDA:2,(anonymous_13)
DA:30,5
DA:31,5
DA:32,5
DA:34,5
DA:36,15
DA:37,15
DA:41,15
DA:45,6
DA:46,6
DA:50,6
DA:54,13
DA:55,13
DA:58,2
DA:59,2
DA:61,2
LF:15
LH:15
BRDA:22,0,0,0
BRDA:27,1,0,2
BRDA:28,2,0,3
BRDA:30,3,0,2
BRDA:30,3,1,3
BRDA:31,4,0,2
BRDA:31,4,1,3
BRDA:32,5,0,2
BRDA:32,5,1,3
BRDA:35,6,0,10
BRDA:41,7,0,0
BRDA:41,7,1,15
BRDA:50,8,0,0
BRDA:50,8,1,6
BRDA:55,9,0,6
BRDA:55,9,1,7
BRDA:59,10,0,1
BRDA:59,10,1,1
BRF:18
BRH:15
end_of_record
